2024-07-04 08:28:46,367 - DEBUG - load_ssl_context verify=True cert=None trust_env=True http2=False
2024-07-04 08:28:46,380 - DEBUG - load_verify_locations cafile='C:\\Users\\Administrator\\Desktop\\backend\\venv\\Lib\\site-packages\\certifi\\cacert.pem'
2024-07-04 08:28:48,237 - DEBUG - load_ssl_context verify=True cert=None trust_env=True http2=False
2024-07-04 08:28:48,240 - DEBUG - load_verify_locations cafile='C:\\Users\\Administrator\\Desktop\\backend\\venv\\Lib\\site-packages\\certifi\\cacert.pem'
2024-07-04 08:28:49,273 - DEBUG - Selenium Manager binary found at: C:\Users\Administrator\Desktop\backend\venv\Lib\site-packages\selenium\webdriver\common\windows\selenium-manager.exe
2024-07-04 08:28:49,273 - DEBUG - Executing process: C:\Users\Administrator\Desktop\backend\venv\Lib\site-packages\selenium\webdriver\common\windows\selenium-manager.exe --browser chrome --debug --language-binding python --output json
2024-07-04 08:28:50,757 - DEBUG - chromedriver not found in PATH
2024-07-04 08:28:50,757 - DEBUG - chrome detected at C:\Program Files\Google\Chrome\Application\chrome.exe
2024-07-04 08:28:50,757 - DEBUG - Running command: wmic datafile where name='C:\\Program Files\\Google\\Chrome\\Application\\chrome.exe' get Version /value
2024-07-04 08:28:50,757 - DEBUG - Output: "\r\r\n\r\r\nVersion=126.0.6478.127\r\r\n\r\r\n\r\r\n\r"
2024-07-04 08:28:50,757 - DEBUG - Detected browser: chrome 126.0.6478.127
2024-07-04 08:28:50,757 - DEBUG - Required driver: chromedriver 126.0.6478.126
2024-07-04 08:28:50,757 - DEBUG - chromedriver 126.0.6478.126 already in the cache
2024-07-04 08:28:50,757 - DEBUG - Driver path: C:\Users\Administrator\.cache\selenium\chromedriver\win64\126.0.6478.126\chromedriver.exe
2024-07-04 08:28:50,757 - DEBUG - Browser path: C:\Program Files\Google\Chrome\Application\chrome.exe
2024-07-04 08:28:50,757 - DEBUG - Using driver at: C:\Users\Administrator\.cache\selenium\chromedriver\win64\126.0.6478.126\chromedriver.exe
2024-07-04 08:28:51,044 - DEBUG - Started executable: `C:\Users\Administrator\.cache\selenium\chromedriver\win64\126.0.6478.126\chromedriver.exe` in a child process with pid: 13728 using 0 to output -3
2024-07-04 08:28:51,572 - DEBUG - POST http://localhost:51995/session {'capabilities': {'firstMatch': [{}], 'alwaysMatch': {'browserName': 'chrome', 'pageLoadStrategy': <PageLoadStrategy.normal: 'normal'>, 'browserVersion': None, 'goog:chromeOptions': {'extensions': [], 'binary': 'C:\\Program Files\\Google\\Chrome\\Application\\chrome.exe', 'args': ['--headless']}}}}
2024-07-04 08:28:51,572 - DEBUG - Starting new HTTP connection (1): localhost:51995
2024-07-04 08:28:53,830 - DEBUG - http://localhost:51995 "POST /session HTTP/1.1" 200 0
2024-07-04 08:28:53,831 - DEBUG - Remote response: status=200 | data={"value":{"capabilities":{"acceptInsecureCerts":false,"browserName":"chrome-headless-shell","browserVersion":"126.0.6478.127","chrome":{"chromedriverVersion":"126.0.6478.126 (d36ace6122e0a59570e258d82441395206d60e1c-refs/branch-heads/6478@{#1591})","userDataDir":"C:\\Windows\\SystemTemp\\scoped_dir13728_1076070339"},"fedcm:accounts":true,"goog:chromeOptions":{"debuggerAddress":"localhost:51999"},"networkConnectionEnabled":false,"pageLoadStrategy":"normal","platformName":"windows","proxy":{},"setWindowRect":true,"strictFileInteractability":false,"timeouts":{"implicit":0,"pageLoad":300000,"script":30000},"unhandledPromptBehavior":"dismiss and notify","webauthn:extension:credBlob":true,"webauthn:extension:largeBlob":true,"webauthn:extension:minPinLength":true,"webauthn:extension:prf":true,"webauthn:virtualAuthenticators":true},"sessionId":"f069aaf7718a1aaa14aafc0233db230a"}} | headers=HTTPHeaderDict({'Content-Length': '884', 'Content-Type': 'application/json; charset=utf-8', 'cache-control': 'no-cache'})
2024-07-04 08:28:53,832 - DEBUG - Finished Request
2024-07-04 08:28:53,832 - DEBUG - POST http://localhost:51995/session/f069aaf7718a1aaa14aafc0233db230a/url {'url': 'https://temml.org/'}
2024-07-04 08:28:57,188 - DEBUG - http://localhost:51995 "POST /session/f069aaf7718a1aaa14aafc0233db230a/url HTTP/1.1" 200 0
2024-07-04 08:28:57,188 - DEBUG - Remote response: status=200 | data={"value":null} | headers=HTTPHeaderDict({'Content-Length': '14', 'Content-Type': 'application/json; charset=utf-8', 'cache-control': 'no-cache'})
2024-07-04 08:28:57,188 - DEBUG - Finished Request
2024-07-04 08:28:57,228 - WARNING -  * Debugger is active!
2024-07-04 08:28:57,241 - INFO -  * Debugger PIN: 774-223-127
2024-07-04 08:29:35,889 - DEBUG - load_ssl_context verify=True cert=None trust_env=True http2=False
2024-07-04 08:29:35,889 - DEBUG - load_verify_locations cafile='C:\\Users\\Administrator\\Desktop\\backend\\venv\\Lib\\site-packages\\certifi\\cacert.pem'
2024-07-04 08:29:36,897 - DEBUG - load_ssl_context verify=True cert=None trust_env=True http2=False
2024-07-04 08:29:36,913 - DEBUG - load_verify_locations cafile='C:\\Users\\Administrator\\Desktop\\backend\\venv\\Lib\\site-packages\\certifi\\cacert.pem'
2024-07-04 08:29:37,890 - DEBUG - Selenium Manager binary found at: C:\Users\Administrator\Desktop\backend\venv\Lib\site-packages\selenium\webdriver\common\windows\selenium-manager.exe
2024-07-04 08:29:37,890 - DEBUG - Executing process: C:\Users\Administrator\Desktop\backend\venv\Lib\site-packages\selenium\webdriver\common\windows\selenium-manager.exe --browser chrome --debug --language-binding python --output json
2024-07-04 08:29:38,817 - DEBUG - chromedriver not found in PATH
2024-07-04 08:29:38,817 - DEBUG - chrome detected at C:\Program Files\Google\Chrome\Application\chrome.exe
2024-07-04 08:29:38,817 - DEBUG - Running command: wmic datafile where name='C:\\Program Files\\Google\\Chrome\\Application\\chrome.exe' get Version /value
2024-07-04 08:29:38,817 - DEBUG - Output: "\r\r\n\r\r\nVersion=126.0.6478.127\r\r\n\r\r\n\r\r\n\r"
2024-07-04 08:29:38,817 - DEBUG - Detected browser: chrome 126.0.6478.127
2024-07-04 08:29:38,817 - DEBUG - Required driver: chromedriver 126.0.6478.126
2024-07-04 08:29:38,817 - DEBUG - chromedriver 126.0.6478.126 already in the cache
2024-07-04 08:29:38,817 - DEBUG - Driver path: C:\Users\Administrator\.cache\selenium\chromedriver\win64\126.0.6478.126\chromedriver.exe
2024-07-04 08:29:38,817 - DEBUG - Browser path: C:\Program Files\Google\Chrome\Application\chrome.exe
2024-07-04 08:29:38,817 - DEBUG - Using driver at: C:\Users\Administrator\.cache\selenium\chromedriver\win64\126.0.6478.126\chromedriver.exe
2024-07-04 08:29:38,896 - DEBUG - Started executable: `C:\Users\Administrator\.cache\selenium\chromedriver\win64\126.0.6478.126\chromedriver.exe` in a child process with pid: 4140 using 0 to output -3
2024-07-04 08:29:39,421 - DEBUG - POST http://localhost:52036/session {'capabilities': {'firstMatch': [{}], 'alwaysMatch': {'browserName': 'chrome', 'pageLoadStrategy': <PageLoadStrategy.normal: 'normal'>, 'browserVersion': None, 'goog:chromeOptions': {'extensions': [], 'binary': 'C:\\Program Files\\Google\\Chrome\\Application\\chrome.exe', 'args': ['--headless']}}}}
2024-07-04 08:29:39,421 - DEBUG - Starting new HTTP connection (1): localhost:52036
2024-07-04 08:29:40,589 - DEBUG - http://localhost:52036 "POST /session HTTP/1.1" 200 0
2024-07-04 08:29:40,589 - DEBUG - Remote response: status=200 | data={"value":{"capabilities":{"acceptInsecureCerts":false,"browserName":"chrome-headless-shell","browserVersion":"126.0.6478.127","chrome":{"chromedriverVersion":"126.0.6478.126 (d36ace6122e0a59570e258d82441395206d60e1c-refs/branch-heads/6478@{#1591})","userDataDir":"C:\\Windows\\SystemTemp\\scoped_dir4140_648595312"},"fedcm:accounts":true,"goog:chromeOptions":{"debuggerAddress":"localhost:52040"},"networkConnectionEnabled":false,"pageLoadStrategy":"normal","platformName":"windows","proxy":{},"setWindowRect":true,"strictFileInteractability":false,"timeouts":{"implicit":0,"pageLoad":300000,"script":30000},"unhandledPromptBehavior":"dismiss and notify","webauthn:extension:credBlob":true,"webauthn:extension:largeBlob":true,"webauthn:extension:minPinLength":true,"webauthn:extension:prf":true,"webauthn:virtualAuthenticators":true},"sessionId":"3a4a488a768e42e519cbf31b33ebef17"}} | headers=HTTPHeaderDict({'Content-Length': '882', 'Content-Type': 'application/json; charset=utf-8', 'cache-control': 'no-cache'})
2024-07-04 08:29:40,589 - DEBUG - Finished Request
2024-07-04 08:29:40,589 - DEBUG - POST http://localhost:52036/session/3a4a488a768e42e519cbf31b33ebef17/url {'url': 'https://temml.org/'}
2024-07-04 08:29:41,553 - DEBUG - http://localhost:52036 "POST /session/3a4a488a768e42e519cbf31b33ebef17/url HTTP/1.1" 200 0
2024-07-04 08:29:41,554 - DEBUG - Remote response: status=200 | data={"value":null} | headers=HTTPHeaderDict({'Content-Length': '14', 'Content-Type': 'application/json; charset=utf-8', 'cache-control': 'no-cache'})
2024-07-04 08:29:41,554 - DEBUG - Finished Request
2024-07-04 08:29:41,624 - INFO - [31m[1mWARNING: This is a development server. Do not use it in a production deployment. Use a production WSGI server instead.[0m
 * Running on all addresses (0.0.0.0)
 * Running on http://127.0.0.1:8000
 * Running on http://108.181.172.168:8000
2024-07-04 08:29:41,624 - INFO - [33mPress CTRL+C to quit[0m
2024-07-04 08:29:41,662 - INFO -  * Restarting with stat
2024-07-04 08:29:47,779 - DEBUG - load_ssl_context verify=True cert=None trust_env=True http2=False
2024-07-04 08:29:47,795 - DEBUG - load_verify_locations cafile='C:\\Users\\Administrator\\Desktop\\backend\\venv\\Lib\\site-packages\\certifi\\cacert.pem'
2024-07-04 08:29:48,792 - DEBUG - load_ssl_context verify=True cert=None trust_env=True http2=False
2024-07-04 08:29:48,792 - DEBUG - load_verify_locations cafile='C:\\Users\\Administrator\\Desktop\\backend\\venv\\Lib\\site-packages\\certifi\\cacert.pem'
2024-07-04 08:29:49,790 - DEBUG - Selenium Manager binary found at: C:\Users\Administrator\Desktop\backend\venv\Lib\site-packages\selenium\webdriver\common\windows\selenium-manager.exe
2024-07-04 08:29:49,790 - DEBUG - Executing process: C:\Users\Administrator\Desktop\backend\venv\Lib\site-packages\selenium\webdriver\common\windows\selenium-manager.exe --browser chrome --debug --language-binding python --output json
2024-07-04 08:29:50,588 - DEBUG - chromedriver not found in PATH
2024-07-04 08:29:50,588 - DEBUG - chrome detected at C:\Program Files\Google\Chrome\Application\chrome.exe
2024-07-04 08:29:50,588 - DEBUG - Running command: wmic datafile where name='C:\\Program Files\\Google\\Chrome\\Application\\chrome.exe' get Version /value
2024-07-04 08:29:50,588 - DEBUG - Output: "\r\r\n\r\r\nVersion=126.0.6478.127\r\r\n\r\r\n\r\r\n\r"
2024-07-04 08:29:50,603 - DEBUG - Detected browser: chrome 126.0.6478.127
2024-07-04 08:29:50,603 - DEBUG - Required driver: chromedriver 126.0.6478.126
2024-07-04 08:29:50,603 - DEBUG - chromedriver 126.0.6478.126 already in the cache
2024-07-04 08:29:50,603 - DEBUG - Driver path: C:\Users\Administrator\.cache\selenium\chromedriver\win64\126.0.6478.126\chromedriver.exe
2024-07-04 08:29:50,603 - DEBUG - Browser path: C:\Program Files\Google\Chrome\Application\chrome.exe
2024-07-04 08:29:50,603 - DEBUG - Using driver at: C:\Users\Administrator\.cache\selenium\chromedriver\win64\126.0.6478.126\chromedriver.exe
2024-07-04 08:29:50,672 - DEBUG - Started executable: `C:\Users\Administrator\.cache\selenium\chromedriver\win64\126.0.6478.126\chromedriver.exe` in a child process with pid: 2072 using 0 to output -3
2024-07-04 08:29:51,191 - DEBUG - POST http://localhost:52054/session {'capabilities': {'firstMatch': [{}], 'alwaysMatch': {'browserName': 'chrome', 'pageLoadStrategy': <PageLoadStrategy.normal: 'normal'>, 'browserVersion': None, 'goog:chromeOptions': {'extensions': [], 'binary': 'C:\\Program Files\\Google\\Chrome\\Application\\chrome.exe', 'args': ['--headless']}}}}
2024-07-04 08:29:51,191 - DEBUG - Starting new HTTP connection (1): localhost:52054
2024-07-04 08:29:52,780 - DEBUG - http://localhost:52054 "POST /session HTTP/1.1" 200 0
2024-07-04 08:29:52,780 - DEBUG - Remote response: status=200 | data={"value":{"capabilities":{"acceptInsecureCerts":false,"browserName":"chrome-headless-shell","browserVersion":"126.0.6478.127","chrome":{"chromedriverVersion":"126.0.6478.126 (d36ace6122e0a59570e258d82441395206d60e1c-refs/branch-heads/6478@{#1591})","userDataDir":"C:\\Windows\\SystemTemp\\scoped_dir2072_2020913837"},"fedcm:accounts":true,"goog:chromeOptions":{"debuggerAddress":"localhost:52058"},"networkConnectionEnabled":false,"pageLoadStrategy":"normal","platformName":"windows","proxy":{},"setWindowRect":true,"strictFileInteractability":false,"timeouts":{"implicit":0,"pageLoad":300000,"script":30000},"unhandledPromptBehavior":"dismiss and notify","webauthn:extension:credBlob":true,"webauthn:extension:largeBlob":true,"webauthn:extension:minPinLength":true,"webauthn:extension:prf":true,"webauthn:virtualAuthenticators":true},"sessionId":"0a3b632e0bc1de2a79795910369ba38c"}} | headers=HTTPHeaderDict({'Content-Length': '883', 'Content-Type': 'application/json; charset=utf-8', 'cache-control': 'no-cache'})
2024-07-04 08:29:52,780 - DEBUG - Finished Request
2024-07-04 08:29:52,780 - DEBUG - POST http://localhost:52054/session/0a3b632e0bc1de2a79795910369ba38c/url {'url': 'https://temml.org/'}
2024-07-04 08:29:53,973 - DEBUG - http://localhost:52054 "POST /session/0a3b632e0bc1de2a79795910369ba38c/url HTTP/1.1" 200 0
2024-07-04 08:29:53,973 - DEBUG - Remote response: status=200 | data={"value":null} | headers=HTTPHeaderDict({'Content-Length': '14', 'Content-Type': 'application/json; charset=utf-8', 'cache-control': 'no-cache'})
2024-07-04 08:29:53,974 - DEBUG - Finished Request
2024-07-04 08:29:54,019 - WARNING -  * Debugger is active!
2024-07-04 08:29:54,036 - INFO -  * Debugger PIN: 774-223-127
2024-07-04 08:30:09,894 - INFO - 127.0.0.1 - - [04/Jul/2024 08:30:09] "GET / HTTP/1.1" 200 -
2024-07-04 08:30:18,603 - INFO - 127.0.0.1 - - [04/Jul/2024 08:30:18] "GET / HTTP/1.1" 200 -
2024-07-04 08:31:21,307 - INFO - 127.0.0.1 - - [04/Jul/2024 08:31:21] "OPTIONS /filetohtml HTTP/1.1" 200 -
2024-07-04 08:31:22,757 - DEBUG - Starting new HTTPS connection (1): api.mathpix.com:443
2024-07-04 08:31:25,351 - DEBUG - https://api.mathpix.com:443 "POST /v3/pdf HTTP/1.1" 200 45
2024-07-04 08:31:25,351 - DEBUG - Starting new HTTPS connection (1): api.mathpix.com:443
2024-07-04 08:31:26,646 - DEBUG - https://api.mathpix.com:443 "GET /v3/pdf/2024_07_04_3acf5ccfb6e35272f12cg HTTP/1.1" 200 124
2024-07-04 08:31:31,656 - DEBUG - Starting new HTTPS connection (1): api.mathpix.com:443
2024-07-04 08:31:32,875 - DEBUG - https://api.mathpix.com:443 "GET /v3/pdf/2024_07_04_3acf5ccfb6e35272f12cg HTTP/1.1" 200 155
2024-07-04 08:31:32,890 - DEBUG - Starting new HTTPS connection (1): api.mathpix.com:443
2024-07-04 08:31:34,085 - DEBUG - https://api.mathpix.com:443 "GET /v3/pdf/2024_07_04_3acf5ccfb6e35272f12cg.md HTTP/1.1" 200 None
2024-07-04 08:31:34,180 - DEBUG - POST http://localhost:52054/session/0a3b632e0bc1de2a79795910369ba38c/element {'using': 'css selector', 'value': '[id="demoSource"]'}
2024-07-04 08:31:34,295 - DEBUG - http://localhost:52054 "POST /session/0a3b632e0bc1de2a79795910369ba38c/element HTTP/1.1" 200 0
2024-07-04 08:31:34,296 - DEBUG - Remote response: status=200 | data={"value":{"element-6066-11e4-a52e-4f735466cecf":"f.986A21CAAD48EA91FFF5F68A66E829A5.d.ABF2F00869C7F3EF5BBF1313C38E9461.e.46"}} | headers=HTTPHeaderDict({'Content-Length': '126', 'Content-Type': 'application/json; charset=utf-8', 'cache-control': 'no-cache'})
2024-07-04 08:31:34,296 - DEBUG - Finished Request
2024-07-04 08:31:34,299 - DEBUG - POST http://localhost:52054/session/0a3b632e0bc1de2a79795910369ba38c/element/f.986A21CAAD48EA91FFF5F68A66E829A5.d.ABF2F00869C7F3EF5BBF1313C38E9461.e.46/clear {}
2024-07-04 08:31:34,399 - DEBUG - http://localhost:52054 "POST /session/0a3b632e0bc1de2a79795910369ba38c/element/f.986A21CAAD48EA91FFF5F68A66E829A5.d.ABF2F00869C7F3EF5BBF1313C38E9461.e.46/clear HTTP/1.1" 200 0
2024-07-04 08:31:34,399 - DEBUG - Remote response: status=200 | data={"value":null} | headers=HTTPHeaderDict({'Content-Length': '14', 'Content-Type': 'application/json; charset=utf-8', 'cache-control': 'no-cache'})
2024-07-04 08:31:34,400 - DEBUG - Finished Request
2024-07-04 08:31:34,401 - DEBUG - POST http://localhost:52054/session/0a3b632e0bc1de2a79795910369ba38c/element/f.986A21CAAD48EA91FFF5F68A66E829A5.d.ABF2F00869C7F3EF5BBF1313C38E9461.e.46/value {'text': '\nR A H_{F t}=\\left(\\left(\\left(\\frac{\\overline{V C_{F t}}}{\\overline{V C_{F 0}}}\\right)^{\\frac{12}{n...', 'value': ['\n', 'R', ' ', 'A', ' ', 'H', '_', '{', 'F', ' ', 't', '}', '=', '\\', 'l', 'e', 'f', 't', '(', '\\', 'l', 'e', 'f', 't', '(', '\\', 'l', 'e', 'f', 't', '(', '\\', 'f', 'r', 'a', 'c', '{', '\\', 'o', 'v', 'e', 'r', 'l', 'i', 'n', 'e', '{', 'V', ' ', 'C', '_', '{', 'F', ' ', 't', '}', '}', '}', '{', '\\', 'o', 'v', 'e', 'r', 'l', 'i', 'n', 'e', '{', 'V', ' ', 'C', '_', '{', 'F', ' ', '0', '}', '}', '}', '\\', 'r', 'i', 'g', 'h', 't', ')', '^', '{', '\\', 'f', 'r', 'a', 'c', '{', '1', '2', '}', '{', 'n', '}', '}', '-', '1', '\\', 'r', 'i', 'g', 'h', 't', ')', '\\', 'r', 'i', 'g', 'h', 't', ')', '\n']}
2024-07-04 08:31:35,490 - DEBUG - http://localhost:52054 "POST /session/0a3b632e0bc1de2a79795910369ba38c/element/f.986A21CAAD48EA91FFF5F68A66E829A5.d.ABF2F00869C7F3EF5BBF1313C38E9461.e.46/value HTTP/1.1" 200 0
2024-07-04 08:31:35,490 - DEBUG - Remote response: status=200 | data={"value":null} | headers=HTTPHeaderDict({'Content-Length': '14', 'Content-Type': 'application/json; charset=utf-8', 'cache-control': 'no-cache'})
2024-07-04 08:31:35,490 - DEBUG - Finished Request
2024-07-04 08:31:35,490 - DEBUG - POST http://localhost:52054/session/0a3b632e0bc1de2a79795910369ba38c/element {'using': 'css selector', 'value': '[id="math"]'}
2024-07-04 08:31:35,600 - DEBUG - http://localhost:52054 "POST /session/0a3b632e0bc1de2a79795910369ba38c/element HTTP/1.1" 200 0
2024-07-04 08:31:35,600 - DEBUG - Remote response: status=200 | data={"value":{"element-6066-11e4-a52e-4f735466cecf":"f.986A21CAAD48EA91FFF5F68A66E829A5.d.ABF2F00869C7F3EF5BBF1313C38E9461.e.49"}} | headers=HTTPHeaderDict({'Content-Length': '126', 'Content-Type': 'application/json; charset=utf-8', 'cache-control': 'no-cache'})
2024-07-04 08:31:35,600 - DEBUG - Finished Request
2024-07-04 08:31:35,696 - DEBUG - POST http://localhost:52054/session/0a3b632e0bc1de2a79795910369ba38c/execute/sync {'script': '/* getAttribute */return (function(){return (function(){var d=this||self;function f(a,b){function c(...', 'args': [{'element-6066-11e4-a52e-4f735466cecf': 'f.986A21CAAD48EA91FFF5F68A66E829A5.d.ABF2F00869C7F3EF5BBF1313C38E9461.e.49'}, 'innerHTML']}
2024-07-04 08:31:35,753 - DEBUG - http://localhost:52054 "POST /session/0a3b632e0bc1de2a79795910369ba38c/execute/sync HTTP/1.1" 200 0
2024-07-04 08:31:35,753 - DEBUG - Remote response: status=200 | data={"value":"\u003Cmath display=\"block\" class=\"tml-display\" style=\"display: block math;\">\u003Cmrow>\u003Cmi>R\u003C/mi>\u003Cmi>A\u003C/mi>\u003Cmsub>\u003Cmi>H\u003C/mi>\u003Cmrow>\u003Cmi>F\u003C/mi>\u003Cmi>t\u003C/mi>\u003C/mrow>\u003C/msub>\u003Cmo>=\u003C/mo>\u003Cmrow>\u003Cmo fence=\"true\" form=\"prefix\">(\u003C/mo>\u003Cmrow>\u003Cmo fence=\"true\" form=\"prefix\">(\u003C/mo>\u003Cmsup>\u003Cmrow>\u003Cmo fence=\"true\" form=\"prefix\">(\u003C/mo>\u003Cmfrac>\u003Cmrow style=\"padding: 0.1em 0px 0px; border-top: 0.065em solid;\">\u003Cmrow>\u003Cmi>V\u003C/mi>\u003Cmsub>\u003Cmi>C\u003C/mi>\u003Cmrow>\u003Cmi>F\u003C/mi>\u003Cmi>t\u003C/mi>\u003C/mrow>\u003C/msub>\u003C/mrow>\u003C/mrow>\u003Cmrow style=\"padding: 0.1em 0px 0px; border-top: 0.065em solid;\">\u003Cmrow>\u003Cmi>V\u003C/mi>\u003Cmsub>\u003Cmi>C\u003C/mi>\u003Cmrow>\u003Cmi>F\u003C/mi>\u003Cmn>0\u003C/mn>\u003C/mrow>\u003C/msub>\u003C/mrow>\u003C/mrow>\u003C/mfrac>\u003Cmo fence=\"true\" form=\"postfix\">)\u003C/mo>\u003C/mrow>\u003Cmfrac>\u003Cmn>12\u003C/mn>\u003Cmi>n\u003C/mi>\u003C/mfrac>\u003C/msup>\u003Cmo>\u2212\u003C/mo>\u003Cmn>1\u003C/mn>\u003Cmo fence=\"true\" form=\"postfix\">)\u003C/mo>\u003C/mrow>\u003Cmo fence=\"true\" form=\"postfix\">)\u003C/mo>\u003C/mrow>\u003C/mrow>\u003C/math>"} | headers=HTTPHeaderDict({'Content-Length': '1295', 'Content-Type': 'application/json; charset=utf-8', 'cache-control': 'no-cache'})
2024-07-04 08:31:35,755 - DEBUG - Finished Request
2024-07-04 08:31:35,755 - DEBUG - POST http://localhost:52054/session/0a3b632e0bc1de2a79795910369ba38c/element/f.986A21CAAD48EA91FFF5F68A66E829A5.d.ABF2F00869C7F3EF5BBF1313C38E9461.e.46/clear {}
2024-07-04 08:31:35,818 - DEBUG - http://localhost:52054 "POST /session/0a3b632e0bc1de2a79795910369ba38c/element/f.986A21CAAD48EA91FFF5F68A66E829A5.d.ABF2F00869C7F3EF5BBF1313C38E9461.e.46/clear HTTP/1.1" 200 0
2024-07-04 08:31:35,818 - DEBUG - Remote response: status=200 | data={"value":null} | headers=HTTPHeaderDict({'Content-Length': '14', 'Content-Type': 'application/json; charset=utf-8', 'cache-control': 'no-cache'})
2024-07-04 08:31:35,818 - DEBUG - Finished Request
2024-07-04 08:31:35,818 - DEBUG - POST http://localhost:52054/session/0a3b632e0bc1de2a79795910369ba38c/element/f.986A21CAAD48EA91FFF5F68A66E829A5.d.ABF2F00869C7F3EF5BBF1313C38E9461.e.46/value {'text': '\nD_{n}=\\sup _{x \\in R}=\\left[f(X)-f^{*}(x)\\right]\n', 'value': ['\n', 'D', '_', '{', 'n', '}', '=', '\\', 's', 'u', 'p', ' ', '_', '{', 'x', ' ', '\\', 'i', 'n', ' ', 'R', '}', '=', '\\', 'l', 'e', 'f', 't', '[', 'f', '(', 'X', ')', '-', 'f', '^', '{', '*', '}', '(', 'x', ')', '\\', 'r', 'i', 'g', 'h', 't', ']', '\n']}
2024-07-04 08:31:36,290 - DEBUG - http://localhost:52054 "POST /session/0a3b632e0bc1de2a79795910369ba38c/element/f.986A21CAAD48EA91FFF5F68A66E829A5.d.ABF2F00869C7F3EF5BBF1313C38E9461.e.46/value HTTP/1.1" 200 0
2024-07-04 08:31:36,291 - DEBUG - Remote response: status=200 | data={"value":null} | headers=HTTPHeaderDict({'Content-Length': '14', 'Content-Type': 'application/json; charset=utf-8', 'cache-control': 'no-cache'})
2024-07-04 08:31:36,291 - DEBUG - Finished Request
2024-07-04 08:31:36,292 - DEBUG - POST http://localhost:52054/session/0a3b632e0bc1de2a79795910369ba38c/element {'using': 'css selector', 'value': '[id="math"]'}
2024-07-04 08:31:36,321 - DEBUG - http://localhost:52054 "POST /session/0a3b632e0bc1de2a79795910369ba38c/element HTTP/1.1" 200 0
2024-07-04 08:31:36,321 - DEBUG - Remote response: status=200 | data={"value":{"element-6066-11e4-a52e-4f735466cecf":"f.986A21CAAD48EA91FFF5F68A66E829A5.d.ABF2F00869C7F3EF5BBF1313C38E9461.e.49"}} | headers=HTTPHeaderDict({'Content-Length': '126', 'Content-Type': 'application/json; charset=utf-8', 'cache-control': 'no-cache'})
2024-07-04 08:31:36,321 - DEBUG - Finished Request
2024-07-04 08:31:36,321 - DEBUG - POST http://localhost:52054/session/0a3b632e0bc1de2a79795910369ba38c/execute/sync {'script': '/* getAttribute */return (function(){return (function(){var d=this||self;function f(a,b){function c(...', 'args': [{'element-6066-11e4-a52e-4f735466cecf': 'f.986A21CAAD48EA91FFF5F68A66E829A5.d.ABF2F00869C7F3EF5BBF1313C38E9461.e.49'}, 'innerHTML']}
2024-07-04 08:31:36,337 - DEBUG - http://localhost:52054 "POST /session/0a3b632e0bc1de2a79795910369ba38c/execute/sync HTTP/1.1" 200 0
2024-07-04 08:31:36,337 - DEBUG - Remote response: status=200 | data={"value":"\u003Cmath display=\"block\" class=\"tml-display\" style=\"display: block math;\">\u003Cmrow>\u003Cmsub>\u003Cmi>D\u003C/mi>\u003Cmi>n\u003C/mi>\u003C/msub>\u003Cmo>=\u003C/mo>\u003Cmunder>\u003Cmi>sup\u003C/mi>\u003Cmrow>\u003Cmi>x\u003C/mi>\u003Cmo>\u2208\u003C/mo>\u003Cmi>R\u003C/mi>\u003C/mrow>\u003C/munder>\u003Cmo>\u2061\u003C/mo>\u003Cmspace width=\"0.1667em\">\u003C/mspace>\u003Cmo>=\u003C/mo>\u003Cmrow>\u003Cmo fence=\"true\" form=\"prefix\">[\u003C/mo>\u003Cmi>f\u003C/mi>\u003Cmo form=\"prefix\" stretchy=\"false\">(\u003C/mo>\u003Cmi>X\u003C/mi>\u003Cmo form=\"postfix\" stretchy=\"false\">)\u003C/mo>\u003Cmo>\u2212\u003C/mo>\u003Cmsup>\u003Cmi>f\u003C/mi>\u003Cmo form=\"prefix\" stretchy=\"false\" lspace=\"0em\" rspace=\"0em\">*\u003C/mo>\u003C/msup>\u003Cmo form=\"prefix\" stretchy=\"false\">(\u003C/mo>\u003Cmi>x\u003C/mi>\u003Cmo form=\"postfix\" stretchy=\"false\">)\u003C/mo>\u003Cmo fence=\"true\" form=\"postfix\">]\u003C/mo>\u003C/mrow>\u003C/mrow>\u003C/math>"} | headers=HTTPHeaderDict({'Content-Length': '992', 'Content-Type': 'application/json; charset=utf-8', 'cache-control': 'no-cache'})
2024-07-04 08:31:36,337 - DEBUG - Finished Request
2024-07-04 08:31:36,337 - DEBUG - POST http://localhost:52054/session/0a3b632e0bc1de2a79795910369ba38c/element/f.986A21CAAD48EA91FFF5F68A66E829A5.d.ABF2F00869C7F3EF5BBF1313C38E9461.e.46/clear {}
2024-07-04 08:31:36,390 - DEBUG - http://localhost:52054 "POST /session/0a3b632e0bc1de2a79795910369ba38c/element/f.986A21CAAD48EA91FFF5F68A66E829A5.d.ABF2F00869C7F3EF5BBF1313C38E9461.e.46/clear HTTP/1.1" 200 0
2024-07-04 08:31:36,391 - DEBUG - Remote response: status=200 | data={"value":null} | headers=HTTPHeaderDict({'Content-Length': '14', 'Content-Type': 'application/json; charset=utf-8', 'cache-control': 'no-cache'})
2024-07-04 08:31:36,391 - DEBUG - Finished Request
2024-07-04 08:31:36,392 - DEBUG - POST http://localhost:52054/session/0a3b632e0bc1de2a79795910369ba38c/element/f.986A21CAAD48EA91FFF5F68A66E829A5.d.ABF2F00869C7F3EF5BBF1313C38E9461.e.46/value {'text': '\n\\begin{array}{r}\nt=\\frac{X_{1}-X_{2}}{s p \\sqrt{\\frac{1}{n_{1}}+\\frac{1}{n_{2}}}} \\\\\ns p=\\sqrt{S_{1...', 'value': ['\n', '\\', 'b', 'e', 'g', 'i', 'n', '{', 'a', 'r', 'r', 'a', 'y', '}', '{', 'r', '}', '\n', 't', '=', '\\', 'f', 'r', 'a', 'c', '{', 'X', '_', '{', '1', '}', '-', 'X', '_', '{', '2', '}', '}', '{', 's', ' ', 'p', ' ', '\\', 's', 'q', 'r', 't', '{', '\\', 'f', 'r', 'a', 'c', '{', '1', '}', '{', 'n', '_', '{', '1', '}', '}', '+', '\\', 'f', 'r', 'a', 'c', '{', '1', '}', '{', 'n', '_', '{', '2', '}', '}', '}', '}', ' ', '\\', '\\', '\n', 's', ' ', 'p', '=', '\\', 's', 'q', 'r', 't', '{', 'S', '_', '{', '1', '}', '+', 'S', '_', '{', '2', '}', '}', '\n', '\\', 'e', 'n', 'd', '{', 'a', 'r', 'r', 'a', 'y', '}', '\n']}
2024-07-04 08:31:37,246 - DEBUG - http://localhost:52054 "POST /session/0a3b632e0bc1de2a79795910369ba38c/element/f.986A21CAAD48EA91FFF5F68A66E829A5.d.ABF2F00869C7F3EF5BBF1313C38E9461.e.46/value HTTP/1.1" 200 0
2024-07-04 08:31:37,247 - DEBUG - Remote response: status=200 | data={"value":null} | headers=HTTPHeaderDict({'Content-Length': '14', 'Content-Type': 'application/json; charset=utf-8', 'cache-control': 'no-cache'})
2024-07-04 08:31:37,248 - DEBUG - Finished Request
2024-07-04 08:31:37,249 - DEBUG - POST http://localhost:52054/session/0a3b632e0bc1de2a79795910369ba38c/element {'using': 'css selector', 'value': '[id="math"]'}
2024-07-04 08:31:37,268 - DEBUG - http://localhost:52054 "POST /session/0a3b632e0bc1de2a79795910369ba38c/element HTTP/1.1" 200 0
2024-07-04 08:31:37,269 - DEBUG - Remote response: status=200 | data={"value":{"element-6066-11e4-a52e-4f735466cecf":"f.986A21CAAD48EA91FFF5F68A66E829A5.d.ABF2F00869C7F3EF5BBF1313C38E9461.e.49"}} | headers=HTTPHeaderDict({'Content-Length': '126', 'Content-Type': 'application/json; charset=utf-8', 'cache-control': 'no-cache'})
2024-07-04 08:31:37,270 - DEBUG - Finished Request
2024-07-04 08:31:37,270 - DEBUG - POST http://localhost:52054/session/0a3b632e0bc1de2a79795910369ba38c/execute/sync {'script': '/* getAttribute */return (function(){return (function(){var d=this||self;function f(a,b){function c(...', 'args': [{'element-6066-11e4-a52e-4f735466cecf': 'f.986A21CAAD48EA91FFF5F68A66E829A5.d.ABF2F00869C7F3EF5BBF1313C38E9461.e.49'}, 'innerHTML']}
2024-07-04 08:31:37,271 - DEBUG - http://localhost:52054 "POST /session/0a3b632e0bc1de2a79795910369ba38c/execute/sync HTTP/1.1" 200 0
2024-07-04 08:31:37,271 - DEBUG - Remote response: status=200 | data={"value":"\u003Cmath display=\"block\" class=\"tml-display\" style=\"display: block math;\">\u003Cmtable columnalign=\"right\">\u003Cmtr>\u003Cmtd class=\"tml-right\" style=\"padding: 0.5ex 0pt;\">\u003Cmrow>\u003Cmi>t\u003C/mi>\u003Cmo>=\u003C/mo>\u003Cmfrac>\u003Cmrow>\u003Cmsub>\u003Cmi>X\u003C/mi>\u003Cmn>1\u003C/mn>\u003C/msub>\u003Cmo>\u2212\u003C/mo>\u003Cmsub>\u003Cmi>X\u003C/mi>\u003Cmn>2\u003C/mn>\u003C/msub>\u003C/mrow>\u003Cmrow>\u003Cmi>s\u003C/mi>\u003Cmi>p\u003C/mi>\u003Cmsqrt>\u003Cmrow>\u003Cmfrac>\u003Cmn>1\u003C/mn>\u003Cmsub>\u003Cmi>n\u003C/mi>\u003Cmn>1\u003C/mn>\u003C/msub>\u003C/mfrac>\u003Cmo>+\u003C/mo>\u003Cmfrac>\u003Cmn>1\u003C/mn>\u003Cmsub>\u003Cmi>n\u003C/mi>\u003Cmn>2\u003C/mn>\u003C/msub>\u003C/mfrac>\u003C/mrow>\u003C/msqrt>\u003C/mrow>\u003C/mfrac>\u003C/mrow>\u003C/mtd>\u003C/mtr>\u003Cmtr>\u003Cmtd class=\"tml-right\" style=\"padding: 0.5ex 0pt;\">\u003Cmrow>\u003Cmi>s\u003C/mi>\u003Cmi>p\u003C/mi>\u003Cmo>=\u003C/mo>\u003Cmsqrt>\u003Cmrow>\u003Cmsub>\u003Cmi>S\u003C/mi>\u003Cmn>1\u003C/mn>\u003C/msub>\u003Cmo>+\u003C/mo>\u003Cmsub>\u003Cmi>S\u003C/mi>\u003Cmn>2\u003C/mn>\u003C/msub>\u003C/mrow>\u003C/msqrt>\u003C/mrow>\u003C/mtd>\u003C/mtr>\u003C/mtable>\u003C/math>"} | headers=HTTPHeaderDict({'Content-Length': '1222', 'Content-Type': 'application/json; charset=utf-8', 'cache-control': 'no-cache'})
2024-07-04 08:31:37,271 - DEBUG - Finished Request
2024-07-04 08:31:37,271 - DEBUG - POST http://localhost:52054/session/0a3b632e0bc1de2a79795910369ba38c/element/f.986A21CAAD48EA91FFF5F68A66E829A5.d.ABF2F00869C7F3EF5BBF1313C38E9461.e.46/clear {}
2024-07-04 08:31:37,334 - DEBUG - http://localhost:52054 "POST /session/0a3b632e0bc1de2a79795910369ba38c/element/f.986A21CAAD48EA91FFF5F68A66E829A5.d.ABF2F00869C7F3EF5BBF1313C38E9461.e.46/clear HTTP/1.1" 200 0
2024-07-04 08:31:37,334 - DEBUG - Remote response: status=200 | data={"value":null} | headers=HTTPHeaderDict({'Content-Length': '14', 'Content-Type': 'application/json; charset=utf-8', 'cache-control': 'no-cache'})
2024-07-04 08:31:37,335 - DEBUG - Finished Request
2024-07-04 08:31:37,335 - DEBUG - POST http://localhost:52054/session/0a3b632e0bc1de2a79795910369ba38c/element/f.986A21CAAD48EA91FFF5F68A66E829A5.d.ABF2F00869C7F3EF5BBF1313C38E9461.e.46/value {'text': '\nF=\\frac{S_{1}^{2}}{S_{2}^{2}}\n', 'value': ['\n', 'F', '=', '\\', 'f', 'r', 'a', 'c', '{', 'S', '_', '{', '1', '}', '^', '{', '2', '}', '}', '{', 'S', '_', '{', '2', '}', '^', '{', '2', '}', '}', '\n']}
2024-07-04 08:31:37,620 - DEBUG - http://localhost:52054 "POST /session/0a3b632e0bc1de2a79795910369ba38c/element/f.986A21CAAD48EA91FFF5F68A66E829A5.d.ABF2F00869C7F3EF5BBF1313C38E9461.e.46/value HTTP/1.1" 200 0
2024-07-04 08:31:37,620 - DEBUG - Remote response: status=200 | data={"value":null} | headers=HTTPHeaderDict({'Content-Length': '14', 'Content-Type': 'application/json; charset=utf-8', 'cache-control': 'no-cache'})
2024-07-04 08:31:37,621 - DEBUG - Finished Request
2024-07-04 08:31:37,622 - DEBUG - POST http://localhost:52054/session/0a3b632e0bc1de2a79795910369ba38c/element {'using': 'css selector', 'value': '[id="math"]'}
2024-07-04 08:31:37,639 - DEBUG - http://localhost:52054 "POST /session/0a3b632e0bc1de2a79795910369ba38c/element HTTP/1.1" 200 0
2024-07-04 08:31:37,640 - DEBUG - Remote response: status=200 | data={"value":{"element-6066-11e4-a52e-4f735466cecf":"f.986A21CAAD48EA91FFF5F68A66E829A5.d.ABF2F00869C7F3EF5BBF1313C38E9461.e.49"}} | headers=HTTPHeaderDict({'Content-Length': '126', 'Content-Type': 'application/json; charset=utf-8', 'cache-control': 'no-cache'})
2024-07-04 08:31:37,640 - DEBUG - Finished Request
2024-07-04 08:31:37,641 - DEBUG - POST http://localhost:52054/session/0a3b632e0bc1de2a79795910369ba38c/execute/sync {'script': '/* getAttribute */return (function(){return (function(){var d=this||self;function f(a,b){function c(...', 'args': [{'element-6066-11e4-a52e-4f735466cecf': 'f.986A21CAAD48EA91FFF5F68A66E829A5.d.ABF2F00869C7F3EF5BBF1313C38E9461.e.49'}, 'innerHTML']}
2024-07-04 08:31:37,655 - DEBUG - http://localhost:52054 "POST /session/0a3b632e0bc1de2a79795910369ba38c/execute/sync HTTP/1.1" 200 0
2024-07-04 08:31:37,655 - DEBUG - Remote response: status=200 | data={"value":"\u003Cmath display=\"block\" class=\"tml-display\" style=\"display: block math;\">\u003Cmrow>\u003Cmi>F\u003C/mi>\u003Cmo>=\u003C/mo>\u003Cmfrac>\u003Cmsubsup>\u003Cmi>S\u003C/mi>\u003Cmn>1\u003C/mn>\u003Cmn>2\u003C/mn>\u003C/msubsup>\u003Cmsubsup>\u003Cmi>S\u003C/mi>\u003Cmn>2\u003C/mn>\u003Cmn>2\u003C/mn>\u003C/msubsup>\u003C/mfrac>\u003C/mrow>\u003C/math>"} | headers=HTTPHeaderDict({'Content-Length': '372', 'Content-Type': 'application/json; charset=utf-8', 'cache-control': 'no-cache'})
2024-07-04 08:31:37,655 - DEBUG - Finished Request
2024-07-04 08:31:37,655 - DEBUG - POST http://localhost:52054/session/0a3b632e0bc1de2a79795910369ba38c/element/f.986A21CAAD48EA91FFF5F68A66E829A5.d.ABF2F00869C7F3EF5BBF1313C38E9461.e.46/clear {}
2024-07-04 08:31:37,708 - DEBUG - http://localhost:52054 "POST /session/0a3b632e0bc1de2a79795910369ba38c/element/f.986A21CAAD48EA91FFF5F68A66E829A5.d.ABF2F00869C7F3EF5BBF1313C38E9461.e.46/clear HTTP/1.1" 200 0
2024-07-04 08:31:37,708 - DEBUG - Remote response: status=200 | data={"value":null} | headers=HTTPHeaderDict({'Content-Length': '14', 'Content-Type': 'application/json; charset=utf-8', 'cache-control': 'no-cache'})
2024-07-04 08:31:37,709 - DEBUG - Finished Request
2024-07-04 08:31:37,709 - DEBUG - POST http://localhost:52054/session/0a3b632e0bc1de2a79795910369ba38c/element/f.986A21CAAD48EA91FFF5F68A66E829A5.d.ABF2F00869C7F3EF5BBF1313C38E9461.e.46/value {'text': '\nU=\\sum_{i=1}^{n_{1}+n_{2}} R_{i}\n', 'value': ['\n', 'U', '=', '\\', 's', 'u', 'm', '_', '{', 'i', '=', '1', '}', '^', '{', 'n', '_', '{', '1', '}', '+', 'n', '_', '{', '2', '}', '}', ' ', 'R', '_', '{', 'i', '}', '\n']}
2024-07-04 08:31:38,079 - DEBUG - http://localhost:52054 "POST /session/0a3b632e0bc1de2a79795910369ba38c/element/f.986A21CAAD48EA91FFF5F68A66E829A5.d.ABF2F00869C7F3EF5BBF1313C38E9461.e.46/value HTTP/1.1" 200 0
2024-07-04 08:31:38,080 - DEBUG - Remote response: status=200 | data={"value":null} | headers=HTTPHeaderDict({'Content-Length': '14', 'Content-Type': 'application/json; charset=utf-8', 'cache-control': 'no-cache'})
2024-07-04 08:31:38,080 - DEBUG - Finished Request
2024-07-04 08:31:38,080 - DEBUG - POST http://localhost:52054/session/0a3b632e0bc1de2a79795910369ba38c/element {'using': 'css selector', 'value': '[id="math"]'}
2024-07-04 08:31:38,117 - DEBUG - http://localhost:52054 "POST /session/0a3b632e0bc1de2a79795910369ba38c/element HTTP/1.1" 200 0
2024-07-04 08:31:38,118 - DEBUG - Remote response: status=200 | data={"value":{"element-6066-11e4-a52e-4f735466cecf":"f.986A21CAAD48EA91FFF5F68A66E829A5.d.ABF2F00869C7F3EF5BBF1313C38E9461.e.49"}} | headers=HTTPHeaderDict({'Content-Length': '126', 'Content-Type': 'application/json; charset=utf-8', 'cache-control': 'no-cache'})
2024-07-04 08:31:38,118 - DEBUG - Finished Request
2024-07-04 08:31:38,119 - DEBUG - POST http://localhost:52054/session/0a3b632e0bc1de2a79795910369ba38c/execute/sync {'script': '/* getAttribute */return (function(){return (function(){var d=this||self;function f(a,b){function c(...', 'args': [{'element-6066-11e4-a52e-4f735466cecf': 'f.986A21CAAD48EA91FFF5F68A66E829A5.d.ABF2F00869C7F3EF5BBF1313C38E9461.e.49'}, 'innerHTML']}
2024-07-04 08:31:38,138 - DEBUG - http://localhost:52054 "POST /session/0a3b632e0bc1de2a79795910369ba38c/execute/sync HTTP/1.1" 200 0
2024-07-04 08:31:38,138 - DEBUG - Remote response: status=200 | data={"value":"\u003Cmath display=\"block\" class=\"tml-display\" style=\"display: block math;\">\u003Cmrow>\u003Cmi>U\u003C/mi>\u003Cmo>=\u003C/mo>\u003Cmrow>\u003Cmunderover>\u003Cmo movablelimits=\"false\">\u2211\u003C/mo>\u003Cmrow>\u003Cmi>i\u003C/mi>\u003Cmo>=\u003C/mo>\u003Cmn>1\u003C/mn>\u003C/mrow>\u003Cmrow>\u003Cmsub>\u003Cmi>n\u003C/mi>\u003Cmn>1\u003C/mn>\u003C/msub>\u003Cmo>+\u003C/mo>\u003Cmsub>\u003Cmi>n\u003C/mi>\u003Cmn>2\u003C/mn>\u003C/msub>\u003C/mrow>\u003C/munderover>\u003C/mrow>\u003Cmsub>\u003Cmi>R\u003C/mi>\u003Cmi>i\u003C/mi>\u003C/msub>\u003C/mrow>\u003C/math>"} | headers=HTTPHeaderDict({'Content-Length': '588', 'Content-Type': 'application/json; charset=utf-8', 'cache-control': 'no-cache'})
2024-07-04 08:31:38,138 - DEBUG - Finished Request
2024-07-04 08:31:38,138 - DEBUG - Starting new HTTPS connection (1): api.mathpix.com:443
2024-07-04 08:31:39,595 - DEBUG - https://api.mathpix.com:443 "POST /v3/converter HTTP/1.1" 200 56
2024-07-04 08:31:39,603 - DEBUG - Starting new HTTPS connection (1): api.mathpix.com:443
2024-07-04 08:31:40,671 - DEBUG - https://api.mathpix.com:443 "GET /v3/converter/cnv_2024_07_04_8b0432be8a0112b84dadg HTTP/1.1" 200 99
2024-07-04 08:31:40,687 - DEBUG - Starting new HTTPS connection (1): api.mathpix.com:443
2024-07-04 08:31:41,791 - DEBUG - https://api.mathpix.com:443 "GET /v3/converter/cnv_2024_07_04_8b0432be8a0112b84dadg.html HTTP/1.1" 200 None
2024-07-04 08:31:42,818 - ERROR - Error replacing SVG with MathML: list index out of range
2024-07-04 08:31:42,819 - ERROR - Error replacing SVG with MathML: list index out of range
2024-07-04 08:31:42,819 - ERROR - Error replacing SVG with MathML: list index out of range
2024-07-04 08:31:42,820 - ERROR - Error replacing SVG with MathML: list index out of range
2024-07-04 08:31:42,820 - ERROR - Error replacing SVG with MathML: list index out of range
2024-07-04 08:31:42,821 - ERROR - Error replacing SVG with MathML: list index out of range
2024-07-04 08:31:43,772 - INFO - 127.0.0.1 - - [04/Jul/2024 08:31:43] "POST /filetohtml HTTP/1.1" 200 -
2024-07-04 08:35:46,465 - INFO - 127.0.0.1 - - [04/Jul/2024 08:35:46] "OPTIONS /filetohtml HTTP/1.1" 200 -
2024-07-04 08:35:47,431 - DEBUG - Starting new HTTPS connection (1): api.mathpix.com:443
2024-07-04 08:35:50,945 - DEBUG - https://api.mathpix.com:443 "POST /v3/pdf HTTP/1.1" 200 45
2024-07-04 08:35:50,955 - DEBUG - Starting new HTTPS connection (1): api.mathpix.com:443
2024-07-04 08:35:52,261 - DEBUG - https://api.mathpix.com:443 "GET /v3/pdf/2024_07_04_5260063eb2240f0a4ccbg HTTP/1.1" 200 122
2024-07-04 08:35:57,280 - DEBUG - Starting new HTTPS connection (1): api.mathpix.com:443
2024-07-04 08:35:58,491 - DEBUG - https://api.mathpix.com:443 "GET /v3/pdf/2024_07_04_5260063eb2240f0a4ccbg HTTP/1.1" 200 163
2024-07-04 08:36:03,508 - DEBUG - Starting new HTTPS connection (1): api.mathpix.com:443
2024-07-04 08:36:04,658 - DEBUG - https://api.mathpix.com:443 "GET /v3/pdf/2024_07_04_5260063eb2240f0a4ccbg HTTP/1.1" 200 163
2024-07-04 08:36:09,669 - DEBUG - Starting new HTTPS connection (1): api.mathpix.com:443
2024-07-04 08:36:10,743 - DEBUG - https://api.mathpix.com:443 "GET /v3/pdf/2024_07_04_5260063eb2240f0a4ccbg HTTP/1.1" 200 163
2024-07-04 08:36:15,774 - DEBUG - Starting new HTTPS connection (1): api.mathpix.com:443
2024-07-04 08:36:16,770 - DEBUG - https://api.mathpix.com:443 "GET /v3/pdf/2024_07_04_5260063eb2240f0a4ccbg HTTP/1.1" 200 163
2024-07-04 08:36:21,793 - DEBUG - Starting new HTTPS connection (1): api.mathpix.com:443
2024-07-04 08:36:22,826 - DEBUG - https://api.mathpix.com:443 "GET /v3/pdf/2024_07_04_5260063eb2240f0a4ccbg HTTP/1.1" 200 163
2024-07-04 08:36:27,842 - DEBUG - Starting new HTTPS connection (1): api.mathpix.com:443
2024-07-04 08:36:28,952 - DEBUG - https://api.mathpix.com:443 "GET /v3/pdf/2024_07_04_5260063eb2240f0a4ccbg HTTP/1.1" 200 163
2024-07-04 08:36:33,959 - DEBUG - Starting new HTTPS connection (1): api.mathpix.com:443
2024-07-04 08:36:35,052 - DEBUG - https://api.mathpix.com:443 "GET /v3/pdf/2024_07_04_5260063eb2240f0a4ccbg HTTP/1.1" 200 163
2024-07-04 08:36:40,060 - DEBUG - Starting new HTTPS connection (1): api.mathpix.com:443
2024-07-04 08:36:41,243 - DEBUG - https://api.mathpix.com:443 "GET /v3/pdf/2024_07_04_5260063eb2240f0a4ccbg HTTP/1.1" 200 163
2024-07-04 08:36:46,250 - DEBUG - Starting new HTTPS connection (1): api.mathpix.com:443
2024-07-04 08:36:47,275 - DEBUG - https://api.mathpix.com:443 "GET /v3/pdf/2024_07_04_5260063eb2240f0a4ccbg HTTP/1.1" 200 153
2024-07-04 08:36:47,291 - DEBUG - Starting new HTTPS connection (1): api.mathpix.com:443
2024-07-04 08:36:48,503 - DEBUG - https://api.mathpix.com:443 "GET /v3/pdf/2024_07_04_5260063eb2240f0a4ccbg.md HTTP/1.1" 200 None
2024-07-04 08:36:48,614 - DEBUG - POST http://localhost:52054/session/0a3b632e0bc1de2a79795910369ba38c/element {'using': 'css selector', 'value': '[id="demoSource"]'}
2024-07-04 08:36:48,728 - DEBUG - http://localhost:52054 "POST /session/0a3b632e0bc1de2a79795910369ba38c/element HTTP/1.1" 200 0
2024-07-04 08:36:48,730 - DEBUG - Remote response: status=200 | data={"value":{"element-6066-11e4-a52e-4f735466cecf":"f.986A21CAAD48EA91FFF5F68A66E829A5.d.ABF2F00869C7F3EF5BBF1313C38E9461.e.46"}} | headers=HTTPHeaderDict({'Content-Length': '126', 'Content-Type': 'application/json; charset=utf-8', 'cache-control': 'no-cache'})
2024-07-04 08:36:48,731 - DEBUG - Finished Request
2024-07-04 08:36:48,733 - DEBUG - POST http://localhost:52054/session/0a3b632e0bc1de2a79795910369ba38c/element/f.986A21CAAD48EA91FFF5F68A66E829A5.d.ABF2F00869C7F3EF5BBF1313C38E9461.e.46/clear {}
2024-07-04 08:36:48,846 - DEBUG - http://localhost:52054 "POST /session/0a3b632e0bc1de2a79795910369ba38c/element/f.986A21CAAD48EA91FFF5F68A66E829A5.d.ABF2F00869C7F3EF5BBF1313C38E9461.e.46/clear HTTP/1.1" 200 0
2024-07-04 08:36:48,846 - DEBUG - Remote response: status=200 | data={"value":null} | headers=HTTPHeaderDict({'Content-Length': '14', 'Content-Type': 'application/json; charset=utf-8', 'cache-control': 'no-cache'})
2024-07-04 08:36:48,846 - DEBUG - Finished Request
2024-07-04 08:36:48,847 - DEBUG - POST http://localhost:52054/session/0a3b632e0bc1de2a79795910369ba38c/element/f.986A21CAAD48EA91FFF5F68A66E829A5.d.ABF2F00869C7F3EF5BBF1313C38E9461.e.46/value {'text': '\nr_{x, y}=\\frac{\\sum_{i=1}^{n}\\left(x_{i}-\\bar{x}\\right)\\left(y_{i}-\\bar{y}\\right)}{\\sqrt{\\sum_{i=1}...', 'value': ['\n', 'r', '_', '{', 'x', ',', ' ', 'y', '}', '=', '\\', 'f', 'r', 'a', 'c', '{', '\\', 's', 'u', 'm', '_', '{', 'i', '=', '1', '}', '^', '{', 'n', '}', '\\', 'l', 'e', 'f', 't', '(', 'x', '_', '{', 'i', '}', '-', '\\', 'b', 'a', 'r', '{', 'x', '}', '\\', 'r', 'i', 'g', 'h', 't', ')', '\\', 'l', 'e', 'f', 't', '(', 'y', '_', '{', 'i', '}', '-', '\\', 'b', 'a', 'r', '{', 'y', '}', '\\', 'r', 'i', 'g', 'h', 't', ')', '}', '{', '\\', 's', 'q', 'r', 't', '{', '\\', 's', 'u', 'm', '_', '{', 'i', '=', '1', '}', '^', '{', 'n', '}', '\\', 'l', 'e', 'f', 't', '(', 'y', '_', '{', 'i', '}', '-', '\\', 'b', 'a', 'r', '{', 'y', '}', '\\', 'r', 'i', 'g', 'h', 't', ')', '^', '{', '2', '}', ' ', '\\', 's', 'u', 'm', '_', '{', 'i', '=', '1', '}', '^', '{', 'n', '}', '\\', 'l', 'e', 'f', 't', '(', 'x', '_', '{', 'i', '}', '-', '\\', 'b', 'a', 'r', '{', 'x', '}', '\\', 'r', 'i', 'g', 'h', 't', ')', '^', '{', '2', '}', '}', '}', '\n']}
2024-07-04 08:36:50,289 - DEBUG - http://localhost:52054 "POST /session/0a3b632e0bc1de2a79795910369ba38c/element/f.986A21CAAD48EA91FFF5F68A66E829A5.d.ABF2F00869C7F3EF5BBF1313C38E9461.e.46/value HTTP/1.1" 200 0
2024-07-04 08:36:50,289 - DEBUG - Remote response: status=200 | data={"value":null} | headers=HTTPHeaderDict({'Content-Length': '14', 'Content-Type': 'application/json; charset=utf-8', 'cache-control': 'no-cache'})
2024-07-04 08:36:50,289 - DEBUG - Finished Request
2024-07-04 08:36:50,289 - DEBUG - POST http://localhost:52054/session/0a3b632e0bc1de2a79795910369ba38c/element {'using': 'css selector', 'value': '[id="math"]'}
2024-07-04 08:36:50,321 - DEBUG - http://localhost:52054 "POST /session/0a3b632e0bc1de2a79795910369ba38c/element HTTP/1.1" 200 0
2024-07-04 08:36:50,321 - DEBUG - Remote response: status=200 | data={"value":{"element-6066-11e4-a52e-4f735466cecf":"f.986A21CAAD48EA91FFF5F68A66E829A5.d.ABF2F00869C7F3EF5BBF1313C38E9461.e.49"}} | headers=HTTPHeaderDict({'Content-Length': '126', 'Content-Type': 'application/json; charset=utf-8', 'cache-control': 'no-cache'})
2024-07-04 08:36:50,328 - DEBUG - Finished Request
2024-07-04 08:36:50,329 - DEBUG - POST http://localhost:52054/session/0a3b632e0bc1de2a79795910369ba38c/execute/sync {'script': '/* getAttribute */return (function(){return (function(){var d=this||self;function f(a,b){function c(...', 'args': [{'element-6066-11e4-a52e-4f735466cecf': 'f.986A21CAAD48EA91FFF5F68A66E829A5.d.ABF2F00869C7F3EF5BBF1313C38E9461.e.49'}, 'innerHTML']}
2024-07-04 08:36:50,335 - DEBUG - http://localhost:52054 "POST /session/0a3b632e0bc1de2a79795910369ba38c/execute/sync HTTP/1.1" 200 0
2024-07-04 08:36:50,335 - DEBUG - Remote response: status=200 | data={"value":"\u003Cmath display=\"block\" class=\"tml-display\" style=\"display: block math;\">\u003Cmrow>\u003Cmsub>\u003Cmi>r\u003C/mi>\u003Cmrow>\u003Cmi>x\u003C/mi>\u003Cmo separator=\"true\">,\u003C/mo>\u003Cmi>y\u003C/mi>\u003C/mrow>\u003C/msub>\u003Cmo>=\u003C/mo>\u003Cmfrac>\u003Cmrow>\u003Cmsubsup>\u003Cmo movablelimits=\"false\">\u2211\u003C/mo>\u003Cmrow>\u003Cmi>i\u003C/mi>\u003Cmo>=\u003C/mo>\u003Cmn>1\u003C/mn>\u003C/mrow>\u003Cmi>n\u003C/mi>\u003C/msubsup>\u003Cmrow>\u003Cmo fence=\"true\" form=\"prefix\">(\u003C/mo>\u003Cmsub>\u003Cmi>x\u003C/mi>\u003Cmi>i\u003C/mi>\u003C/msub>\u003Cmo>\u2212\u003C/mo>\u003Cmover>\u003Cmi>x\u003C/mi>\u003Cmo stretchy=\"false\" class=\"tml-xshift\" style=\"math-style: normal; math-depth: 0;\">\u203e\u003C/mo>\u003C/mover>\u003Cmo fence=\"true\" form=\"postfix\">)\u003C/mo>\u003C/mrow>\u003Cmrow>\u003Cmo fence=\"true\" form=\"prefix\">(\u003C/mo>\u003Cmsub>\u003Cmi>y\u003C/mi>\u003Cmi>i\u003C/mi>\u003C/msub>\u003Cmo>\u2212\u003C/mo>\u003Cmover>\u003Cmi>y\u003C/mi>\u003Cmo stretchy=\"false\" class=\"tml-xshift\" style=\"math-style: normal; math-depth: 0;\">\u203e\u003C/mo>\u003C/mover>\u003Cmo fence=\"true\" form=\"postfix\">)\u003C/mo>\u003C/mrow>\u003C/mrow>\u003Cmsqrt>\u003Cmrow>\u003Cmsubsup>\u003Cmo movablelimits=\"false\">\u2211\u003C/mo>\u003Cmrow>\u003Cmi>i\u003C/mi>\u003Cmo>=\u003C/mo>\u003Cmn>1\u003C/mn>\u003C/mrow>\u003Cmi>n\u003C/mi>\u003C/msubsup>\u003Cmsup>\u003Cmrow>\u003Cmo fence=\"true\" form=\"prefix\">(\u003C/mo>\u003Cmsub>\u003Cmi>y\u003C/mi>\u003Cmi>i\u003C/mi>\u003C/msub>\u003Cmo>\u2212\u003C/mo>\u003Cmover>\u003Cmi>y\u003C/mi>\u003Cmo stretchy=\"false\" class=\"tml-xshift\" style=\"math-style: normal; math-depth: 0;\">\u203e\u003C/mo>\u003C/mover>\u003Cmo fence=\"true\" form=\"postfix\">)\u003C/mo>\u003C/mrow>\u003Cmn>2\u003C/mn>\u003C/msup>\u003Cmsubsup>\u003Cmo movablelimits=\"false\">\u2211\u003C/mo>\u003Cmrow>\u003Cmi>i\u003C/mi>\u003Cmo>=\u003C/mo>\u003Cmn>1\u003C/mn>\u003C/mrow>\u003Cmi>n\u003C/mi>\u003C/msubsup>\u003Cmsup>\u003Cmrow>\u003Cmo fence=\"true\" form=\"prefix\">(\u003C/mo>\u003Cmsub>\u003Cmi>x\u003C/mi>\u003Cmi>i\u003C/mi>\u003C/msub>\u003Cmo>\u2212\u003C/mo>\u003Cmover>\u003Cmi>x\u003C/mi>\u003Cmo stretchy=\"false\" class=\"tml-xshift\" style=\"math-style: normal; math-depth: 0;\">\u203e\u003C/mo>\u003C/mover>\u003Cmo fence=\"true\" form=\"postfix\">)\u003C/mo>\u003C/mrow>\u003Cmn>2\u003C/mn>\u003C/msup>\u003C/mrow>\u003C/msqrt>\u003C/mfrac>\u003C/mrow>\u003C/math>"} | headers=HTTPHeaderDict({'Content-Length': '2462', 'Content-Type': 'application/json; charset=utf-8', 'cache-control': 'no-cache'})
2024-07-04 08:36:50,335 - DEBUG - Finished Request
2024-07-04 08:36:50,335 - DEBUG - POST http://localhost:52054/session/0a3b632e0bc1de2a79795910369ba38c/element/f.986A21CAAD48EA91FFF5F68A66E829A5.d.ABF2F00869C7F3EF5BBF1313C38E9461.e.46/clear {}
2024-07-04 08:36:50,397 - DEBUG - http://localhost:52054 "POST /session/0a3b632e0bc1de2a79795910369ba38c/element/f.986A21CAAD48EA91FFF5F68A66E829A5.d.ABF2F00869C7F3EF5BBF1313C38E9461.e.46/clear HTTP/1.1" 200 0
2024-07-04 08:36:50,398 - DEBUG - Remote response: status=200 | data={"value":null} | headers=HTTPHeaderDict({'Content-Length': '14', 'Content-Type': 'application/json; charset=utf-8', 'cache-control': 'no-cache'})
2024-07-04 08:36:50,398 - DEBUG - Finished Request
2024-07-04 08:36:50,399 - DEBUG - POST http://localhost:52054/session/0a3b632e0bc1de2a79795910369ba38c/element/f.986A21CAAD48EA91FFF5F68A66E829A5.d.ABF2F00869C7F3EF5BBF1313C38E9461.e.46/value {'text': '\n\\left[\\tanh \\left(z-1,96 \\cdot \\sigma_{z}\\right), \\tanh \\left(z+1,96 \\cdot \\sigma_{z}\\right)\\right]...', 'value': ['\n', '\\', 'l', 'e', 'f', 't', '[', '\\', 't', 'a', 'n', 'h', ' ', '\\', 'l', 'e', 'f', 't', '(', 'z', '-', '1', ',', '9', '6', ' ', '\\', 'c', 'd', 'o', 't', ' ', '\\', 's', 'i', 'g', 'm', 'a', '_', '{', 'z', '}', '\\', 'r', 'i', 'g', 'h', 't', ')', ',', ' ', '\\', 't', 'a', 'n', 'h', ' ', '\\', 'l', 'e', 'f', 't', '(', 'z', '+', '1', ',', '9', '6', ' ', '\\', 'c', 'd', 'o', 't', ' ', '\\', 's', 'i', 'g', 'm', 'a', '_', '{', 'z', '}', '\\', 'r', 'i', 'g', 'h', 't', ')', '\\', 'r', 'i', 'g', 'h', 't', ']', '\n']}
2024-07-04 08:36:51,092 - DEBUG - http://localhost:52054 "POST /session/0a3b632e0bc1de2a79795910369ba38c/element/f.986A21CAAD48EA91FFF5F68A66E829A5.d.ABF2F00869C7F3EF5BBF1313C38E9461.e.46/value HTTP/1.1" 200 0
2024-07-04 08:36:51,092 - DEBUG - Remote response: status=200 | data={"value":null} | headers=HTTPHeaderDict({'Content-Length': '14', 'Content-Type': 'application/json; charset=utf-8', 'cache-control': 'no-cache'})
2024-07-04 08:36:51,092 - DEBUG - Finished Request
2024-07-04 08:36:51,092 - DEBUG - POST http://localhost:52054/session/0a3b632e0bc1de2a79795910369ba38c/element {'using': 'css selector', 'value': '[id="math"]'}
2024-07-04 08:36:51,125 - DEBUG - http://localhost:52054 "POST /session/0a3b632e0bc1de2a79795910369ba38c/element HTTP/1.1" 200 0
2024-07-04 08:36:51,125 - DEBUG - Remote response: status=200 | data={"value":{"element-6066-11e4-a52e-4f735466cecf":"f.986A21CAAD48EA91FFF5F68A66E829A5.d.ABF2F00869C7F3EF5BBF1313C38E9461.e.49"}} | headers=HTTPHeaderDict({'Content-Length': '126', 'Content-Type': 'application/json; charset=utf-8', 'cache-control': 'no-cache'})
2024-07-04 08:36:51,125 - DEBUG - Finished Request
2024-07-04 08:36:51,125 - DEBUG - POST http://localhost:52054/session/0a3b632e0bc1de2a79795910369ba38c/execute/sync {'script': '/* getAttribute */return (function(){return (function(){var d=this||self;function f(a,b){function c(...', 'args': [{'element-6066-11e4-a52e-4f735466cecf': 'f.986A21CAAD48EA91FFF5F68A66E829A5.d.ABF2F00869C7F3EF5BBF1313C38E9461.e.49'}, 'innerHTML']}
2024-07-04 08:36:51,147 - DEBUG - http://localhost:52054 "POST /session/0a3b632e0bc1de2a79795910369ba38c/execute/sync HTTP/1.1" 200 0
2024-07-04 08:36:51,147 - DEBUG - Remote response: status=200 | data={"value":"\u003Cmath display=\"block\" class=\"tml-display\" style=\"display: block math;\">\u003Cmrow>\u003Cmo fence=\"true\" form=\"prefix\">[\u003C/mo>\u003Cmrow>\u003Cmi>tanh\u003C/mi>\u003Cmo>\u2061\u003C/mo>\u003C/mrow>\u003Cmrow>\u003Cmo fence=\"true\" form=\"prefix\">(\u003C/mo>\u003Cmi>z\u003C/mi>\u003Cmo>\u2212\u003C/mo>\u003Cmn>1,96\u003C/mn>\u003Cmo>\u22c5\u003C/mo>\u003Cmsub>\u003Cmi>\u03c3\u003C/mi>\u003Cmi>z\u003C/mi>\u003C/msub>\u003Cmo fence=\"true\" form=\"postfix\">)\u003C/mo>\u003C/mrow>\u003Cmo separator=\"true\">,\u003C/mo>\u003Cmrow>\u003Cmi>tanh\u003C/mi>\u003Cmo>\u2061\u003C/mo>\u003C/mrow>\u003Cmrow>\u003Cmo fence=\"true\" form=\"prefix\">(\u003C/mo>\u003Cmi>z\u003C/mi>\u003Cmo>+\u003C/mo>\u003Cmn>1,96\u003C/mn>\u003Cmo>\u22c5\u003C/mo>\u003Cmsub>\u003Cmi>\u03c3\u003C/mi>\u003Cmi>z\u003C/mi>\u003C/msub>\u003Cmo fence=\"true\" form=\"postfix\">)\u003C/mo>\u003C/mrow>\u003Cmo fence=\"true\" form=\"postfix\">]\u003C/mo>\u003C/mrow>\u003C/math>"} | headers=HTTPHeaderDict({'Content-Length': '959', 'Content-Type': 'application/json; charset=utf-8', 'cache-control': 'no-cache'})
2024-07-04 08:36:51,147 - DEBUG - Finished Request
2024-07-04 08:36:51,147 - DEBUG - POST http://localhost:52054/session/0a3b632e0bc1de2a79795910369ba38c/element/f.986A21CAAD48EA91FFF5F68A66E829A5.d.ABF2F00869C7F3EF5BBF1313C38E9461.e.46/clear {}
2024-07-04 08:36:51,209 - DEBUG - http://localhost:52054 "POST /session/0a3b632e0bc1de2a79795910369ba38c/element/f.986A21CAAD48EA91FFF5F68A66E829A5.d.ABF2F00869C7F3EF5BBF1313C38E9461.e.46/clear HTTP/1.1" 200 0
2024-07-04 08:36:51,209 - DEBUG - Remote response: status=200 | data={"value":null} | headers=HTTPHeaderDict({'Content-Length': '14', 'Content-Type': 'application/json; charset=utf-8', 'cache-control': 'no-cache'})
2024-07-04 08:36:51,210 - DEBUG - Finished Request
2024-07-04 08:36:51,210 - DEBUG - POST http://localhost:52054/session/0a3b632e0bc1de2a79795910369ba38c/element/f.986A21CAAD48EA91FFF5F68A66E829A5.d.ABF2F00869C7F3EF5BBF1313C38E9461.e.46/value {'text': '\n\\begin{aligned}\n& H_{0} \\text { : hiptesis en donde } \\theta \\in \\Omega_{0} \\\\\n& H_{1}: \\text { hi...', 'value': ['\n', '\\', 'b', 'e', 'g', 'i', 'n', '{', 'a', 'l', 'i', 'g', 'n', 'e', 'd', '}', '\n', '&', ' ', 'H', '_', '{', '0', '}', ' ', '\\', 't', 'e', 'x', 't', ' ', '{', ' ', ':', ' ', 'h', 'i', 'p', '', 't', 'e', 's', 'i', 's', ' ', 'e', 'n', ' ', 'd', 'o', 'n', 'd', 'e', ' ', '}', ' ', '\\', 't', 'h', 'e', 't', 'a', ' ', '\\', 'i', 'n', ' ', '\\', 'O', 'm', 'e', 'g', 'a', '_', '{', '0', '}', ' ', '\\', '\\', '\n', '&', ' ', 'H', '_', '{', '1', '}', ':', ' ', '\\', 't', 'e', 'x', 't', ' ', '{', ' ', 'h', 'i', 'p', '', 't', 'e', 's', 'i', 's', ' ', 'e', 'n', ' ', 'd', 'o', 'n', 'd', 'e', ' ', '}', ' ', '\\', 't', 'h', 'e', 't', 'a', ' ', '\\', 'i', 'n', ' ', '\\', 'O', 'm', 'e', 'g', 'a', '_', '{', '1', '}', '\n', '\\', 'e', 'n', 'd', '{', 'a', 'l', 'i', 'g', 'n', 'e', 'd', '}', '\n']}
2024-07-04 08:36:52,219 - DEBUG - http://localhost:52054 "POST /session/0a3b632e0bc1de2a79795910369ba38c/element/f.986A21CAAD48EA91FFF5F68A66E829A5.d.ABF2F00869C7F3EF5BBF1313C38E9461.e.46/value HTTP/1.1" 200 0
2024-07-04 08:36:52,219 - DEBUG - Remote response: status=200 | data={"value":null} | headers=HTTPHeaderDict({'Content-Length': '14', 'Content-Type': 'application/json; charset=utf-8', 'cache-control': 'no-cache'})
2024-07-04 08:36:52,220 - DEBUG - Finished Request
2024-07-04 08:36:52,220 - DEBUG - POST http://localhost:52054/session/0a3b632e0bc1de2a79795910369ba38c/element {'using': 'css selector', 'value': '[id="math"]'}
2024-07-04 08:36:52,257 - DEBUG - http://localhost:52054 "POST /session/0a3b632e0bc1de2a79795910369ba38c/element HTTP/1.1" 200 0
2024-07-04 08:36:52,257 - DEBUG - Remote response: status=200 | data={"value":{"element-6066-11e4-a52e-4f735466cecf":"f.986A21CAAD48EA91FFF5F68A66E829A5.d.ABF2F00869C7F3EF5BBF1313C38E9461.e.49"}} | headers=HTTPHeaderDict({'Content-Length': '126', 'Content-Type': 'application/json; charset=utf-8', 'cache-control': 'no-cache'})
2024-07-04 08:36:52,257 - DEBUG - Finished Request
2024-07-04 08:36:52,257 - DEBUG - POST http://localhost:52054/session/0a3b632e0bc1de2a79795910369ba38c/execute/sync {'script': '/* getAttribute */return (function(){return (function(){var d=this||self;function f(a,b){function c(...', 'args': [{'element-6066-11e4-a52e-4f735466cecf': 'f.986A21CAAD48EA91FFF5F68A66E829A5.d.ABF2F00869C7F3EF5BBF1313C38E9461.e.49'}, 'innerHTML']}
2024-07-04 08:36:52,280 - DEBUG - http://localhost:52054 "POST /session/0a3b632e0bc1de2a79795910369ba38c/execute/sync HTTP/1.1" 200 0
2024-07-04 08:36:52,280 - DEBUG - Remote response: status=200 | data={"value":"\u003Cmath display=\"block\" class=\"tml-display\" style=\"display: block math;\">\u003Cmtable displaystyle=\"true\" columnalign=\"right left\">\u003Cmtr>\u003Cmtd class=\"tml-right\" style=\"padding: 0.7ex 0em;\">\u003Cmrow>\u003C/mrow>\u003C/mtd>\u003Cmtd class=\"tml-left\" style=\"padding: 0.7ex 0em;\">\u003Cmrow>\u003Cmsub>\u003Cmi>H\u003C/mi>\u003Cmn>0\u003C/mn>\u003C/msub>\u003Cmtext>&nbsp;:&nbsp;hiptesis&nbsp;en&nbsp;donde&nbsp;\u003C/mtext>\u003Cmi>\u03b8\u003C/mi>\u003Cmo>\u2208\u003C/mo>\u003Cmsub>\u003Cmrow>\u003Cmi mathvariant=\"normal\">\u03a9\u003C/mi>\u003C/mrow>\u003Cmn>0\u003C/mn>\u003C/msub>\u003C/mrow>\u003C/mtd>\u003C/mtr>\u003Cmtr>\u003Cmtd class=\"tml-right\" style=\"padding: 0.7ex 0em;\">\u003Cmrow>\u003C/mrow>\u003C/mtd>\u003Cmtd class=\"tml-left\" style=\"padding: 0.7ex 0em;\">\u003Cmrow>\u003Cmsub>\u003Cmi>H\u003C/mi>\u003Cmn>1\u003C/mn>\u003C/msub>\u003Cmo lspace=\"0.2222em\" rspace=\"0.2222em\">:\u003C/mo>\u003Cmtext>&nbsp;hiptesis&nbsp;en&nbsp;donde&nbsp;\u003C/mtext>\u003Cmi>\u03b8\u003C/mi>\u003Cmo>\u2208\u003C/mo>\u003Cmsub>\u003Cmrow>\u003Cmi mathvariant=\"normal\">\u03a9\u003C/mi>\u003C/mrow>\u003Cmn>1\u003C/mn>\u003C/msub>\u003C/mrow>\u003C/mtd>\u003C/mtr>\u003C/mtable>\u003C/math>"} | headers=HTTPHeaderDict({'Content-Length': '1229', 'Content-Type': 'application/json; charset=utf-8', 'cache-control': 'no-cache'})
2024-07-04 08:36:52,280 - DEBUG - Finished Request
2024-07-04 08:36:52,280 - DEBUG - Starting new HTTPS connection (1): api.mathpix.com:443
2024-07-04 08:36:54,227 - DEBUG - https://api.mathpix.com:443 "POST /v3/converter HTTP/1.1" 200 56
2024-07-04 08:36:54,239 - DEBUG - Starting new HTTPS connection (1): api.mathpix.com:443
2024-07-04 08:36:55,476 - DEBUG - https://api.mathpix.com:443 "GET /v3/converter/cnv_2024_07_04_c4b46dedc80b7ee974c3g HTTP/1.1" 200 99
2024-07-04 08:36:55,492 - DEBUG - Starting new HTTPS connection (1): api.mathpix.com:443
2024-07-04 08:36:56,742 - DEBUG - https://api.mathpix.com:443 "GET /v3/converter/cnv_2024_07_04_c4b46dedc80b7ee974c3g.html HTTP/1.1" 200 None
2024-07-04 08:36:57,350 - INFO - 127.0.0.1 - - [04/Jul/2024 08:36:57] "POST /filetohtml HTTP/1.1" 200 -
2024-07-04 08:37:47,648 - INFO -  * Detected change in 'C:\\Users\\Administrator\\Desktop\\backend\\htmlcontrol.py', reloading
2024-07-04 08:37:48,350 - INFO -  * Restarting with stat
